<?xml version="1.0" encoding="UTF-8"?>
<!-- Generated by org.testng.reporters.JUnitXMLReporter -->
<testsuite hostname="LAPTOP-57SP3Q9P" ignored="4" name="Test" tests="4" failures="0" timestamp="21 Sep 2023 14:43:02 GMT" time="0.036" errors="0">
  <testcase name="test4" time="0.001" classname="testcases.CreditCard"/>
  <testcase name="test2" time="0.0" classname="testcases.HomeLoan"/>
  <testcase name="test1" time="0.001" classname="testcases.HomeLoan"/>
  <testcase name="test3" time="0.0" classname="testcases.CarLoan"/>
  <testcase name="@BeforeTest beforetest" time="0.0" classname="testcases.BaseCase">
    <ignored/>
  </testcase> <!-- @BeforeTest beforetest -->
  <testcase name="@BeforeTest beforetest" time="0.0" classname="testcases.BaseCase">
    <ignored/>
  </testcase> <!-- @BeforeTest beforetest -->
  <testcase name="@AfterTest aftertest" time="0.0" classname="testcases.BaseCase">
    <ignored/>
  </testcase> <!-- @AfterTest aftertest -->
  <testcase name="@AfterTest aftertest" time="0.0" classname="testcases.BaseCase">
    <ignored/>
  </testcase> <!-- @AfterTest aftertest -->
</testsuite> <!-- Test -->
