<?xml version="1.0" encoding="UTF-8"?>
<!-- Generated by org.testng.reporters.JUnitXMLReporter -->
<testsuite ignored="4" hostname="LAPTOP-57SP3Q9P" failures="0" tests="4" name="Test" time="0.049" errors="0" timestamp="21 Sep 2023 14:39:44 GMT">
  <testcase classname="testcases.CreditCard" name="test4" time="0.007"/>
  <testcase classname="testcases.HomeLoan" name="test2" time="0.001"/>
  <testcase classname="testcases.HomeLoan" name="test1" time="0.001"/>
  <testcase classname="testcases.CarLoan" name="test3" time="0.001"/>
  <testcase classname="testcases.BaseCase" name="@BeforeTest beforetest" time="0.0">
    <ignored/>
  </testcase> <!-- @BeforeTest beforetest -->
  <testcase classname="testcases.BaseCase" name="@BeforeTest beforetest" time="0.0">
    <ignored/>
  </testcase> <!-- @BeforeTest beforetest -->
  <testcase classname="testcases.BaseCase" name="@AfterTest aftertest" time="0.0">
    <ignored/>
  </testcase> <!-- @AfterTest aftertest -->
  <testcase classname="testcases.BaseCase" name="@AfterTest aftertest" time="0.0">
    <ignored/>
  </testcase> <!-- @AfterTest aftertest -->
</testsuite> <!-- Test -->
